  main.cpp
C:\Users\atrox\Desktop\asteroids\Project1\main.cpp(3,5): error C2653: 'sf': is not a class or namespace name
C:\Users\atrox\Desktop\asteroids\Project1\main.cpp(3,9): error C2065: 'RenderWindow': undeclared identifier
C:\Users\atrox\Desktop\asteroids\Project1\main.cpp(3,22): error C2146: syntax error: missing ';' before identifier 'window'
C:\Users\atrox\Desktop\asteroids\Project1\main.cpp(3,29): error C2653: 'sf': is not a class or namespace name
C:\Users\atrox\Desktop\asteroids\Project1\main.cpp(3,33): error C3861: 'VideoMode': identifier not found
C:\Users\atrox\Desktop\asteroids\Project1\main.cpp(3,22): error C3861: 'window': identifier not found
C:\Users\atrox\Desktop\asteroids\Project1\main.cpp(4,5): error C2653: 'sf': is not a class or namespace name
C:\Users\atrox\Desktop\asteroids\Project1\main.cpp(4,9): error C2065: 'CircleShape': undeclared identifier
C:\Users\atrox\Desktop\asteroids\Project1\main.cpp(4,21): error C2146: syntax error: missing ';' before identifier 'shape'
C:\Users\atrox\Desktop\asteroids\Project1\main.cpp(4,21): error C3861: 'shape': identifier not found
C:\Users\atrox\Desktop\asteroids\Project1\main.cpp(5,5): error C2065: 'shape': undeclared identifier
C:\Users\atrox\Desktop\asteroids\Project1\main.cpp(5,24): error C2653: 'sf': is not a class or namespace name
C:\Users\atrox\Desktop\asteroids\Project1\main.cpp(5,35): error C2065: 'Green': undeclared identifier
C:\Users\atrox\Desktop\asteroids\Project1\main.cpp(7,12): error C2065: 'window': undeclared identifier
C:\Users\atrox\Desktop\asteroids\Project1\main.cpp(9,9): error C2653: 'sf': is not a class or namespace name
C:\Users\atrox\Desktop\asteroids\Project1\main.cpp(9,13): error C2065: 'Event': undeclared identifier
C:\Users\atrox\Desktop\asteroids\Project1\main.cpp(9,19): error C2146: syntax error: missing ';' before identifier 'event'
C:\Users\atrox\Desktop\asteroids\Project1\main.cpp(9,19): error C2065: 'event': undeclared identifier
C:\Users\atrox\Desktop\asteroids\Project1\main.cpp(10,16): error C2065: 'window': undeclared identifier
C:\Users\atrox\Desktop\asteroids\Project1\main.cpp(10,33): error C2065: 'event': undeclared identifier
C:\Users\atrox\Desktop\asteroids\Project1\main.cpp(12,17): error C2065: 'event': undeclared identifier
C:\Users\atrox\Desktop\asteroids\Project1\main.cpp(12,31): error C2653: 'sf': is not a class or namespace name
C:\Users\atrox\Desktop\asteroids\Project1\main.cpp(12,42): error C2065: 'Closed': undeclared identifier
C:\Users\atrox\Desktop\asteroids\Project1\main.cpp(13,17): error C2065: 'window': undeclared identifier
C:\Users\atrox\Desktop\asteroids\Project1\main.cpp(16,9): error C2065: 'window': undeclared identifier
C:\Users\atrox\Desktop\asteroids\Project1\main.cpp(17,9): error C2065: 'window': undeclared identifier
C:\Users\atrox\Desktop\asteroids\Project1\main.cpp(17,21): error C2065: 'shape': undeclared identifier
C:\Users\atrox\Desktop\asteroids\Project1\main.cpp(18,9): error C2065: 'window': undeclared identifier
